<?xml version="1.0" encoding="UTF-8"?>
<!-- Generated by org.testng.reporters.JUnitXMLReporter -->
<testsuite ignored="0" hostname="alinapious" failures="0" tests="23" name="Main Test" time="249.083" errors="0" timestamp="2025-03-17T10:51:05 IST">
  <testcase classname="utilities.BaseClass" name="@AfterMethod logout" time="1.079">
    <failure type="org.openqa.selenium.NoSuchElementException" message="Unable to find element with locator By.linkText: Sign Out
For documentation on this error, please visit: https://www.selenium.dev/documentation/webdriver/troubleshooting/errors#no-such-element-exception
Build info: version: &amp;apos;4.27.0&amp;apos;, revision: &amp;apos;d6e718d134&amp;apos;
System info: os.name: &amp;apos;Windows 11&amp;apos;, os.arch: &amp;apos;amd64&amp;apos;, os.version: &amp;apos;10.0&amp;apos;, java.version: &amp;apos;21.0.3&amp;apos;
Driver info: driver.version: RemoteWebDriver">
      <![CDATA[org.openqa.selenium.NoSuchElementException: Unable to find element with locator By.linkText: Sign Out
For documentation on this error, please visit: https://www.selenium.dev/documentation/webdriver/troubleshooting/errors#no-such-element-exception
Build info: version: '4.27.0', revision: 'd6e718d134'
System info: os.name: 'Windows 11', os.arch: 'amd64', os.version: '10.0', java.version: '21.0.3'
Driver info: driver.version: RemoteWebDriver
at org.openqa.selenium.remote.ElementLocation$ElementFinder$2.findElement(ElementLocation.java:168)
at org.openqa.selenium.remote.ElementLocation.findElement(ElementLocation.java:59)
at org.openqa.selenium.remote.RemoteWebDriver.findElement(RemoteWebDriver.java:368)
at org.openqa.selenium.remote.RemoteWebDriver.findElement(RemoteWebDriver.java:362)
at org.openqa.selenium.support.pagefactory.DefaultElementLocator.findElement(DefaultElementLocator.java:68)
at org.openqa.selenium.support.pagefactory.internal.LocatingElementHandler.invoke(LocatingElementHandler.java:38)
at jdk.proxy2/jdk.proxy2.$Proxy17.click(Unknown Source)
at objectRepository.HomePage.signOutLink(HomePage.java:61)
at utilities.BaseClass.logout(BaseClass.java:64)
at java.base/java.util.ArrayList.forEach(ArrayList.java:1596)
... Removed 30 stack frames]]>
    </failure>
  </testcase> <!-- @AfterMethod logout -->
  <testcase classname="testPackage.DataSupply" name="contactDetails" time="0.027"/>
  <testcase classname="testPackage.DataSupply" name="contactDetails" time="0.009"/>
  <testcase classname="testPackage.DataSupply" name="contactDetails" time="0.023"/>
  <testcase classname="testPackage.DataSupply" name="printData" time="0.017"/>
  <testcase classname="testPackage.DataSupply" name="printData" time="0.007"/>
  <testcase classname="testPackage.DataSupply" name="printData" time="0.002"/>
  <testcase classname="testPackage.DataSupply" name="printData" time="0.006"/>
  <testcase classname="testPackage.ScenarioTest1" name="moveToContactsPage" time="14.078"/>
  <testcase classname="testPackage.ScenarioTest1" name="moveToLeadsPage" time="8.68"/>
  <testcase classname="testPackage.LeadsTest" name="createLead" time="33.457"/>
  <testcase classname="testPackage.AttributeTest" name="moveToCalendarPage" time="7.204"/>
  <testcase classname="testPackage.AttributeTest" name="moveToContactsPage" time="6.166"/>
  <testcase classname="testPackage.AttributeTest" name="moveToLeadsPage" time="5.27"/>
  <testcase classname="testPackage.AttributeTest" name="moveToOrganisationPage" time="8.228"/>
  <testcase classname="testPackage.ContactsTest" name="createcontact" time="18.701"/>
  <testcase classname="testPackage.ContactsTest" name="createcontact" time="13.774"/>
  <testcase classname="testPackage.ContactsTest" name="createcontact" time="17.136"/>
  <testcase classname="testPackage.VerificationClass" name="verify" time="0.003"/>
  <testcase classname="testPackage.ScenarioTest3" name="printData" time="0.01"/>
  <testcase classname="testPackage.ScenarioTest3" name="printData" time="0.001"/>
  <testcase classname="testPackage.ScenarioTest3" name="printData" time="0.001"/>
  <testcase classname="testPackage.ScenarioTest3" name="printData" time="0.001"/>
  <testcase classname="testPackage.OrganisationsTest" name="createOrganisation" time="11.809"/>
</testsuite> <!-- Main Test -->
