<?xml version="1.0" encoding="UTF-8"?>
<!-- Generated by org.testng.reporters.JUnitXMLReporter -->
<testsuite ignored="2" hostname="alinapious" failures="0" tests="10" name="GroupTest" time="169.249" errors="0" timestamp="2025-03-13T12:05:14 IST">
  <testcase classname="utilities.BaseClass" name="@AfterMethod logout" time="1.144">
    <failure type="org.openqa.selenium.NoSuchElementException" message="Unable to find element with locator By.linkText: Sign Out
For documentation on this error, please visit: https://www.selenium.dev/documentation/webdriver/troubleshooting/errors#no-such-element-exception
Build info: version: &amp;apos;4.27.0&amp;apos;, revision: &amp;apos;d6e718d134&amp;apos;
System info: os.name: &amp;apos;Windows 11&amp;apos;, os.arch: &amp;apos;amd64&amp;apos;, os.version: &amp;apos;10.0&amp;apos;, java.version: &amp;apos;21.0.3&amp;apos;
Driver info: driver.version: RemoteWebDriver">
      <![CDATA[org.openqa.selenium.NoSuchElementException: Unable to find element with locator By.linkText: Sign Out
For documentation on this error, please visit: https://www.selenium.dev/documentation/webdriver/troubleshooting/errors#no-such-element-exception
Build info: version: '4.27.0', revision: 'd6e718d134'
System info: os.name: 'Windows 11', os.arch: 'amd64', os.version: '10.0', java.version: '21.0.3'
Driver info: driver.version: RemoteWebDriver
at org.openqa.selenium.remote.ElementLocation$ElementFinder$2.findElement(ElementLocation.java:168)
at org.openqa.selenium.remote.ElementLocation.findElement(ElementLocation.java:59)
at org.openqa.selenium.remote.RemoteWebDriver.findElement(RemoteWebDriver.java:368)
at org.openqa.selenium.remote.RemoteWebDriver.findElement(RemoteWebDriver.java:362)
at org.openqa.selenium.support.pagefactory.DefaultElementLocator.findElement(DefaultElementLocator.java:68)
at org.openqa.selenium.support.pagefactory.internal.LocatingElementHandler.invoke(LocatingElementHandler.java:38)
at jdk.proxy2/jdk.proxy2.$Proxy12.click(Unknown Source)
at objectRepository.HomePage.signOutLink(HomePage.java:61)
at utilities.BaseClass.logout(BaseClass.java:58)
at java.base/java.util.ArrayList.forEach(ArrayList.java:1596)
... Removed 30 stack frames]]>
    </failure>
  </testcase> <!-- @AfterMethod logout -->
  <testcase classname="testPackage.ScenarioTest1" name="moveToContactsPage" time="10.074"/>
  <testcase classname="testPackage.LeadsTest" name="createLead" time="12.758"/>
  <testcase classname="testPackage.AttributeTest" name="moveToContactsPage" time="6.164"/>
  <testcase classname="testPackage.AttributeTest" name="moveToLeadsPage" time="5.174"/>
  <testcase classname="testPackage.AttributeTest" name="moveToOrganisationPage" time="4.951"/>
  <testcase classname="testPackage.OrganisationsTest" name="createOrganisation" time="8.768"/>
  <testcase classname="testPackage.ContactsTest" name="createcontact" time="18.755"/>
  <testcase classname="testPackage.ContactsTest" name="createcontact" time="18.224"/>
  <testcase classname="testPackage.ContactsTest" name="createcontact" time="15.583"/>
  <testcase classname="testPackage.VerificationClass" name="verify" time="0.0"/>
  <testcase classname="testPackage.AttributeTest" name="moveToCalendarPage" time="0.0">
    <ignored/>
  </testcase> <!-- moveToCalendarPage -->
  <testcase classname="testPackage.ScenarioTest1" name="moveToLeadsPage" time="0.0">
    <ignored/>
  </testcase> <!-- moveToLeadsPage -->
</testsuite> <!-- GroupTest -->
